LOG TIME ACCORDING TO UTC
============================
show system


show switch
SysName:          EXOS-VM
SysLocation:      
SysContact:       https://www.extremenetworks.com/support/
System MAC:       0C:40:34:07:00:00
System Type:      EXOS-VM

SysHealth check:  Enabled
Recovery Mode:    All
System Watchdog:  Enabled

Current Time:     Sun Dec  3 23:15:38 2023
Timezone:         [Auto DST Disabled] GMT Offset: 0 minutes, name is UTC.
Boot Time:        Sun Dec  3 19:10:43 2023
Boot Count:       0
Next Reboot:      None scheduled
System UpTime:    4 hours 4 minutes 55 seconds

Current State:    OPERATIONAL             
Image Selected:   primary                 
Image Booted:     primary                 
Primary ver:      31.1.1.3                
                  patch1-1
Secondary ver:    31.1.1.3    
                  patch1-1

Config Selected:  primary.cfg                                          
Config Booted:    primary.cfg                                          
Config Automatic: NONE (Disabled)

primary.cfg       Created by ExtremeXOS version 31.1.1.3
                  211816 bytes saved on Sun Dec  3 06:05:59 2023


LAA MAC:          Locally Administered MAC Address Disabled

show version
show memory
Switch          : PN:1N2039    SN:123456   Rev 01 BootROM: 1.2        IMG: 31.1.1.3  
PSUCTRL-1       : PN:MEAD      SN:MD1      Rev 01 BootROM: 2.1       
PSUCTRL-2       : PN:MEAD      SN:MD2      Rev 11 BootROM: 2.3       
mouse-usb       : PN:MOUSE     SN:4321     Rev 11 BootROM: 4.3       
floppy-A        :
PSU-1       : Internal PSU-2 PN:1N2039 SN:12345
PSU-2       : Internal PSU-3 PN:1N2039 SN:12345

Image   : ExtremeXOS version 31.1.1.3 31.1.1.3-patch1-1 by release-manager
          on Sat Nov 14 00:29:19 EST 2020
BootROM : 1.2
Certified Version : EXOS Linux 4.14.170, Extreme Networks FIPS Object Module 2.0.16

Build Tools Version : exos-x86_64-sdk-3.0.3.1.0

show temperature
Field Replaceable Units                                  Temp (C)   Status   Min  Normal   Max
-------------------------------------------------------  ---------  -------  ---  -------  ---
Switch                : PCSimStack                         20.10    Normal   -10    0-40  50
PSUCTRL-1             :                                    25.00    Normal   -10    0-40  50
PSUCTRL-2             :                                    26.00    Normal   -10    0-40  50
mouse-usb             :                                    27.00    Normal   -10    0-40  50
floppy-A              : 

show power
PowerSupply 1 information:
 State             : Powered On
 PartInfo          : Internal PSU-2 SN:12345 PN:1N2039
 Odometer          : 4 hours 1 minute 40 seconds since Dec-03-2023
 Temperature       : 30.1 deg C
 Input             : 120.00 V AC
, 50.00 A
 Power Usage       : 600000.00 W 
 Airflow Direction : N/A

PowerSupply 2 information:
 State             : Powered On
 PartInfo          : Internal PSU-3 SN:12345 PN:1N2039
 Odometer          : 4 hours 3 minutes 20 seconds since Dec-03-2023
 Temperature       : 30.2 deg C
 Input             : 120.00 V AC
, 50.00 A
 Power Usage       : 600000.00 W 
 Airflow Direction : N/A

System Power Usage : 1200000.00 W
 Poll Interval     : 60 s
 Change Threshold  : N/A
 Change Action     : N/A


show fans
Slot-1 FanTray information:
 State:                  Operational
 NumFan:                 1
 PartInfo:               SN: 1234567 PN:1N2039-1
 Revision:               01
 Odometer:               4 hours 10 seconds since Dec-03-2023
 Temperature:            25.1 deg C
 Fan-1:                  Operational at 10001 RPM

show odometers
                                                         Service  First Recorded
Field Replaceable Units                                  Days     Start Date
-------------------------------------------------------  -------  --------------
Switch                : PCSimStack                             0  Dec-03-2023   
PSUCTRL-1             :                                        0  Dec-03-2023   
PSUCTRL-2             :                                        0  Dec-03-2023   
mouse-usb             :                                        0  Jan-01-1970   
floppy-A              : 
EXOS-VM.3 # show memory


System Memory Information
-------------------------
show switch management
 Total DRAM (KB): 524288
 System     (KB): 31160
 User       (KB): 216580
 Free       (KB): 276548

Memory Utilization Statistics
-----------------------------

 Process Name     Memory (KB)
-----------------------------
 aaa              2652            
 acl              1566            
 bfd              1197            
 bgp              12125           
 brm              654             
 cfgmgr           2197            
 cli              37564           
 devmgr           1073            
 dirser           611             
 dnsAnalytics     1787            
 dosprotect       762             
 dot1ag           1299            
 eaps             1302            
 edgeAuto         835             
 edp              1690            
 elrp             1487            
 elsm             789             
 ems              4099            
 epm              2251            
 erps             1311            
 esrp             1048            
 etmon            1571            
 exacl            0               
 exdhcpsnoop      0               
 exdos            0               
 exnasnoop        0               
 exosq            0               
 expolicy         0               
 exprocfs         0               
 exsflow          0               
 exsnoop          0               
 exsshd           1448            
 exvlan           0               
 fdb              2528            
 hal              5409            
 hclag            776             
 idMgr            3706            
 ipSecurity       954             
 iqagent          750             
 isis             1711            
 lacp             1414            
 licMgr           1407            
 lldp             2142            
 mcmgr            2651            
 mpls             0               
 mrp              1659            
 msdp             1173            
 netDb            874             
 netLogin         2199            
 netTools         3154            
 nettx            0               
 nodealias        1724            
 nodemgr          611             
 ntp              1018            
 ospf             1808            
 ospfv3           6914            
 otm              989             
 pim              2538            
 poe              843             
 polMgr           602             
 policy           14914           
 pwmib            551             
 rip              1347            
 ripng            892             
 rtmgr            3326            
 snmpMaster       3912            
 snmpSubagent     7308            
 stp              2086            
 techSupport      918             
 telnetd          772             
 tftpd            408             
 throw            9551            
 thttpd           16447           
 twamp            585             
 upm              713             
 vlan             2884            
 vmt              1843            
 vpex             2361            
 vrrp             1170            
 vsm              1661            
 xmlc             1257            
 xmld             5087            
EXOS-VM.3 # show switch management

CLI idle timeout                 : Enabled (20 minutes)
CLI max number of login attempts : 3
CLI max number of sessions       : 8
CLI paging                       : Disabledshow port configuration
 (this session only)
CLI space-completion             : Disabled (this session only)
CLI configuration logging        : Disabled (without expansion)
CLI journal size                 : 100
CLI password prompting only      : Disabled
CLI display moved-keywords       : Hidden
CLI moved-keywords hidden release: 31.1
CLI RADIUS cmd authorize tokens  : 2
CLI scripting                    : Disabled (this session only)
CLI scripting error mode         : Ignore-Error (this session only)
CLI persistent mode              : Persistent (this session only)
CLI prompting                    : Disabled (this session only)
CLI screen size                  : 1000 Lines 511 Columns (this session only)
CLI refresh                      : Enabled
CLI history expansion            : Disabled
Image integrity checking         : Off 
Current system port notation     : port
Configured system port notation  : port
Telnet access                    : Disabled (tcp port 23 vr all)
                                 : Access Profile : not set
SSH access                       : Enabled (Key valid, tcp port 22 vr all)
                                 : Secure-Mode    : Off
                                 : Access Profile : not set
SSH2 idle time                   : 60 minutes
SSH2 rekey interval              : 4096 MB and no time limit
Web access                       : Enabled (tcp port 80)
                                 : Access Profile : not set
Total Read Only Communities	 : 0
Total Read Write Communities	 : 0
RMON                             : Disabled
SNMP access                      : Enabled
                                 : Access Profile : not set
SNMP Notifications               : Enabled
SNMP Notification Receivers  : None
SNMP stats:	InPkts 2       OutPkts   0       Errors 0       AuthErrors 2
		Gets   0       GetNexts  0       Sets   0       Drops      0       
SNMP traps:	Sent   0       AuthTraps Enabled
SNMP inform:	Sent   0       Retries   0       Failed 0
EXOS-VM.3 # show port configuration